2019年02月14日 22:55:05  信息 : -------------网关启动完毕-------------------
2019年02月14日 23:24:13  信息 : -------------网关启动完毕-------------------
2019年02月15日 09:53:56  信息 : -------------网关启动完毕-------------------
2019年03月02日 12:56:17  信息 : -------------网关启动完毕-------------------
2019年03月02日 23:55:43  信息 : -------------网关启动完毕-------------------
2019年03月03日 00:06:13  信息 : -------------网关启动完毕-------------------
2019年03月03日 00:09:21  信息 : -------------网关启动完毕-------------------
2019年03月03日 00:09:25  警告: cj.studio.gateway.server.handler.WebsocketChannelHandler - 服务器：wsSite 未指定通道激活或失活事件的通知目标。应用仅能在之后第一次请求时才能收到激活或失活事件。请在该net的属性中指定：OnChannelEvent-Notify-Dest=destination1
2019年03月03日 00:10:37  信息 : -------------网关启动完毕-------------------
2019年03月03日 00:10:40  信息 : 已装载共享库/Users/caroceanjofers/studio/github/cj.studio.imc/cj.studio.imc.fe.channel/cmdtools/gateway/lib/share
2019年03月03日 00:11:31  信息 : -------------网关启动完毕-------------------
2019年03月03日 00:11:34  信息 : 已装载共享库/Users/caroceanjofers/studio/github/cj.studio.imc/cj.studio.imc.fe.channel/cmdtools/gateway/lib/share
2019年03月03日 00:16:15  信息 : -------------网关启动完毕-------------------
2019年03月03日 00:16:22  信息 : 已装载共享库/Users/caroceanjofers/studio/github/cj.studio.imc/cj.studio.imc.fe.channel/cmdtools/gateway/lib/share
2019年03月03日 00:16:57  信息 : -------------网关启动完毕-------------------
2019年03月03日 00:17:01  警告: cj.studio.gateway.server.handler.WebsocketChannelHandler - 服务器：wsSite 未指定通道激活或失活事件的通知目标。应用仅能在之后第一次请求时才能收到激活或失活事件。请在该net的属性中指定：OnChannelEvent-Notify-Dest=destination1
2019年03月03日 00:17:57  警告: cj.studio.gateway.server.handler.WebsocketChannelHandler - 服务器：wsSite 未指定通道激活或失活事件的通知目标。应用仅能在之后第一次请求时才能收到激活或失活事件。请在该net的属性中指定：OnChannelEvent-Notify-Dest=destination1
2019年03月03日 00:17:57  警告: cj.studio.gateway.server.handler.WebsocketChannelHandler - 服务器：wsSite 未指定通道激活或失活事件的通知目标。应用仅能在之后第一次请求时才能收到激活或失活事件。请在该net的属性中指定：OnChannelEvent-Notify-Dest=destination1
2019年03月03日 00:18:14  警告: cj.studio.gateway.server.handler.WebsocketChannelHandler - 服务器：wsSite 未指定通道激活或失活事件的通知目标。应用仅能在之后第一次请求时才能收到激活或失活事件。请在该net的属性中指定：OnChannelEvent-Notify-Dest=destination1
2019年03月03日 00:19:41  信息 : -------------网关启动完毕-------------------
2019年03月03日 00:20:08  警告: cj.studio.gateway.server.handler.WebsocketChannelHandler - 服务器：wsSite 未指定通道激活或失活事件的通知目标。应用仅能在之后第一次请求时才能收到激活或失活事件。请在该net的属性中指定：OnChannelEvent-Notify-Dest=destination1
2019年03月03日 00:20:17  错误: cj.studio.gateway.tools.sc.ServersConsole - 不认识的命令：;ls
2019年03月03日 00:21:36  警告: cj.studio.gateway.server.handler.WebsocketChannelHandler - 服务器：wsSite 未指定通道激活或失活事件的通知目标。应用仅能在之后第一次请求时才能收到激活或失活事件。请在该net的属性中指定：OnChannelEvent-Notify-Dest=destination1
2019年03月03日 00:22:08  警告: cj.studio.gateway.server.handler.WebsocketChannelHandler - 服务器：wsSite 未指定通道激活或失活事件的通知目标。应用仅能在之后第一次请求时才能收到激活或失活事件。请在该net的属性中指定：OnChannelEvent-Notify-Dest=destination1
2019年03月03日 00:22:34  警告: cj.studio.gateway.server.handler.WebsocketChannelHandler - 服务器：wsSite 未指定通道激活或失活事件的通知目标。应用仅能在之后第一次请求时才能收到激活或失活事件。请在该net的属性中指定：OnChannelEvent-Notify-Dest=destination1
2019年03月03日 00:23:34  信息 : 已装载共享库/Users/caroceanjofers/studio/github/cj.studio.imc/cj.studio.imc.fe.channel/cmdtools/gateway/lib/share
2019年03月03日 00:24:34  警告: cj.studio.gateway.server.handler.WebsocketChannelHandler - 服务器：wsSite 未指定通道激活或失活事件的通知目标。应用仅能在之后第一次请求时才能收到激活或失活事件。请在该net的属性中指定：OnChannelEvent-Notify-Dest=destination1
2019年03月03日 00:26:32  警告: cj.studio.gateway.server.handler.WebsocketChannelHandler - 服务器：wsSite 未指定通道激活或失活事件的通知目标。应用仅能在之后第一次请求时才能收到激活或失活事件。请在该net的属性中指定：OnChannelEvent-Notify-Dest=destination1
2019年03月03日 00:27:07  警告: cj.studio.gateway.server.handler.WebsocketChannelHandler - 服务器：wsSite 未指定通道激活或失活事件的通知目标。应用仅能在之后第一次请求时才能收到激活或失活事件。请在该net的属性中指定：OnChannelEvent-Notify-Dest=destination1
2019年03月03日 00:27:58  警告: cj.studio.gateway.server.handler.WebsocketChannelHandler - 服务器：wsSite 未指定通道激活或失活事件的通知目标。应用仅能在之后第一次请求时才能收到激活或失活事件。请在该net的属性中指定：OnChannelEvent-Notify-Dest=destination1
2019年03月03日 00:29:01  信息 : -------------网关启动完毕-------------------
2019年03月03日 00:29:08  警告: cj.studio.gateway.server.handler.WebsocketChannelHandler - 服务器：wsSite 未指定通道激活或失活事件的通知目标。应用仅能在之后第一次请求时才能收到激活或失活事件。请在该net的属性中指定：OnChannelEvent-Notify-Dest=destination1
2019年03月03日 00:29:11  信息 : 已装载共享库/Users/caroceanjofers/studio/github/cj.studio.imc/cj.studio.imc.fe.channel/cmdtools/gateway/lib/share
2019年03月03日 00:29:34  信息 : -------------网关启动完毕-------------------
2019年03月03日 00:29:41  警告: cj.studio.gateway.server.handler.WebsocketChannelHandler - 服务器：wsSite 未指定通道激活或失活事件的通知目标。应用仅能在之后第一次请求时才能收到激活或失活事件。请在该net的属性中指定：OnChannelEvent-Notify-Dest=destination1
2019年03月03日 00:30:57  警告: cj.studio.gateway.server.handler.WebsocketChannelHandler - 服务器：wsSite 未指定通道激活或失活事件的通知目标。应用仅能在之后第一次请求时才能收到激活或失活事件。请在该net的属性中指定：OnChannelEvent-Notify-Dest=destination1
2019年03月03日 00:30:59  信息 : 已装载共享库/Users/caroceanjofers/studio/github/cj.studio.imc/cj.studio.imc.fe.channel/cmdtools/gateway/lib/share
2019年03月03日 00:41:52  信息 : -------------网关启动完毕-------------------
2019年03月03日 00:41:57  信息 : 已装载共享库/Users/caroceanjofers/studio/github/cj.studio.imc/cj.studio.imc.fe.channel/cmdtools/gateway/lib/share
2019年03月03日 01:17:55  信息 : -------------网关启动完毕-------------------
2019年03月03日 01:18:27  信息 : 已装载共享库/Users/caroceanjofers/studio/github/cj.studio.imc/cj.studio.imc.fe.channel/cmdtools/gateway/lib/share
2019年03月03日 01:33:18  信息 : -------------网关启动完毕-------------------
2019年03月03日 01:34:39  信息 : 已装载共享库/Users/caroceanjofers/studio/github/cj.studio.imc/cj.studio.imc.fe.channel/cmdtools/gateway/lib/share
2019年03月03日 01:45:16  信息 : -------------网关启动完毕-------------------
2019年03月03日 01:45:24  信息 : 已装载共享库/Users/caroceanjofers/studio/github/cj.studio.imc/cj.studio.imc.fe.channel/cmdtools/gateway/lib/share
2019年03月03日 01:48:11  信息 : -------------网关启动完毕-------------------
2019年03月03日 01:48:12  信息 : 已装载共享库/Users/caroceanjofers/studio/github/cj.studio.imc/cj.studio.imc.fe.channel/cmdtools/gateway/lib/share
2019年03月03日 01:49:43  信息 : -------------网关启动完毕-------------------
2019年03月03日 01:49:45  信息 : 已装载共享库/Users/caroceanjofers/studio/github/cj.studio.imc/cj.studio.imc.fe.channel/cmdtools/gateway/lib/share
2019年03月03日 01:51:33  信息 : -------------网关启动完毕-------------------
2019年03月03日 01:51:35  信息 : 已装载共享库/Users/caroceanjofers/studio/github/cj.studio.imc/cj.studio.imc.fe.channel/cmdtools/gateway/lib/share
2019年03月03日 01:52:49  信息 : -------------网关启动完毕-------------------
2019年03月03日 01:52:52  信息 : 已装载共享库/Users/caroceanjofers/studio/github/cj.studio.imc/cj.studio.imc.fe.channel/cmdtools/gateway/lib/share
2019年03月03日 09:50:19  信息 : -------------网关启动完毕-------------------
2019年03月03日 09:50:23  信息 : 已装载共享库/Users/caroceanjofers/studio/github/cj.studio.imc/cj.studio.imc.fe.channel/cmdtools/gateway/lib/share
2019年03月03日 12:45:29  信息 : -------------网关启动完毕-------------------
2019年03月03日 12:46:40  信息 : -------------网关启动完毕-------------------
2019年03月03日 12:47:59  信息 : 已装载共享库/Users/caroceanjofers/studio/github/cj.studio.imc/cj.studio.imc.fe.channel/cmdtools/gateway/lib/share
2019年03月03日 12:49:07  信息 : -------------网关启动完毕-------------------
2019年03月03日 12:49:07  信息 : 已装载共享库/Users/caroceanjofers/studio/github/cj.studio.imc/cj.studio.imc.fe.channel/cmdtools/gateway/lib/share
2019年03月03日 20:49:11  信息 : -------------网关启动完毕-------------------
2019年03月03日 20:49:20  信息 : 已装载共享库/Users/caroceanjofers/studio/github/cj.studio.imc/cj.studio.imc.fe.channel/cmdtools/gateway/lib/share
2019年03月03日 22:08:35  信息 : -------------网关启动完毕-------------------
2019年03月03日 22:19:25  信息 : -------------网关启动完毕-------------------
2019年03月10日 22:37:10  信息 : -------------网关启动完毕-------------------
2019年03月10日 22:54:34  信息 : 已装载共享库/Users/caroceanjofers/studio/github/cj.studio.imc/cj.studio.imc.fe.channel/cmdtools/gateway/lib/share
2019年03月10日 23:13:07  信息 : -------------网关启动完毕-------------------
2019年03月10日 23:14:35  信息 : 已装载共享库/Users/caroceanjofers/studio/github/cj.studio.imc/cj.studio.imc.fe.channel/cmdtools/gateway/lib/share
2019年03月12日 21:37:01  信息 : -------------网关启动完毕-------------------
2019年03月12日 21:37:02  信息 : 已装载共享库/Users/caroceanjofers/studio/github/cj.studio.imc/cj.studio.imc.fe.channel/cmdtools/gateway/lib/share
2019年03月12日 21:38:08  信息 : -------------网关启动完毕-------------------
2019年03月12日 21:38:11  信息 : 已装载共享库/Users/caroceanjofers/studio/github/cj.studio.imc/cj.studio.imc.fe.channel/cmdtools/gateway/lib/share
2019年03月17日 22:12:39  信息 : -------------网关启动完毕-------------------
2019年03月17日 22:13:12  信息 : 已装载共享库/Users/caroceanjofers/studio/github/cj.studio.imc/cj.studio.imc.fe.channel/cmdtools/gateway/lib/share
2019年03月17日 22:13:12  错误: cj.studio.gateway.stub.aspect.RestAspect -  异常：503 目标格式错误，没有以/开头:
		at cj.studio.gateway.stub.SyncInvocationHandler.getContentPath(SyncInvocationHandler.java:74)
		at cj.studio.gateway.stub.SyncInvocationHandler.<init>(SyncInvocationHandler.java:62)
		at cj.studio.gateway.stub.aspect.RestAspect.createStub(RestAspect.java:65)
		at cj.studio.gateway.stub.aspect.RestAspect.observe(RestAspect.java:45)
		at cj.studio.ecm.bridge.Joinpoint.loadAspects(Joinpoint.java:117)
		at cj.studio.ecm.bridge.Joinpoint.init(Joinpoint.java:64)
		at cj.studio.ecm.container.factory.ServiceInstanceFactory.createNewService(ServiceInstanceFactory.java:712)
		at cj.studio.ecm.container.factory.MultitonServiceInstanceFactory.getService(MultitonServiceInstanceFactory.java:158)
		at cj.studio.ecm.container.factory.ServiceInstanceFactory.getServices(ServiceInstanceFactory.java:742)
		at cj.studio.ecm.container.ServiceContainer.getServices(ServiceContainer.java:131)
		at cj.studio.ecm.context.ModuleSite.getServices(ModuleSite.java:132)
		at cj.studio.ecm.context.ModuleSite$DelegateSite.getServices(ModuleSite.java:654)
		at cj.studio.gateway.socket.app.GatewayAppSiteProgram.getServices(GatewayAppSiteProgram.java:66)
		at cj.studio.gateway.socket.app.pipeline.builder.AppSocketInputPipelineBuilder.createInputPipeline(AppSocketInputPipelineBuilder.java:79)
		at cj.studio.gateway.socket.app.pipeline.builder.AppSocketInputPipelineBuilder.createPipeline(AppSocketInputPipelineBuilder.java:48)
		at cj.studio.gateway.server.handler.WebsocketChannelHandler.pipelineBuild(WebsocketChannelHandler.java:171)
		at cj.studio.gateway.server.handler.WebsocketChannelHandler.channelActive(WebsocketChannelHandler.java:228)
		at io.netty.channel.ChannelHandlerInvokerUtil.invokeChannelActiveNow(ChannelHandlerInvokerUtil.java:38)
		at io.netty.channel.DefaultChannelHandlerInvoker.invokeChannelActive(DefaultChannelHandlerInvoker.java:63)
		at io.netty.channel.DefaultChannelHandlerContext.fireChannelActive(DefaultChannelHandlerContext.java:292)
		at io.netty.channel.DefaultChannelPipeline.fireChannelActive(DefaultChannelPipeline.java:816)
		at io.netty.channel.AbstractChannel$AbstractUnsafe.register0(AbstractChannel.java:429)
		at io.netty.channel.AbstractChannel$AbstractUnsafe.access$100(AbstractChannel.java:369)
		at io.netty.channel.AbstractChannel$AbstractUnsafe$1.run(AbstractChannel.java:403)
		at io.netty.util.concurrent.SingleThreadEventExecutor.runAllTasks(SingleThreadEventExecutor.java:318)
		at io.netty.channel.nio.NioEventLoop.run(NioEventLoop.java:353)
		at io.netty.util.concurrent.SingleThreadEventExecutor$5.run(SingleThreadEventExecutor.java:794)
		at java.lang.Thread.run(Thread.java:748)
2019年03月17日 22:14:01  信息 : -------------网关启动完毕-------------------
2019年03月17日 22:14:01  信息 : 已装载共享库/Users/caroceanjofers/studio/github/cj.studio.imc/cj.studio.imc.fe.channel/cmdtools/gateway/lib/share
2019年03月17日 22:15:56  信息 : -------------网关启动完毕-------------------
2019年03月17日 22:15:58  信息 : 已装载共享库/Users/caroceanjofers/studio/github/cj.studio.imc/cj.studio.imc.fe.channel/cmdtools/gateway/lib/share
2019年03月17日 22:17:36  信息 : -------------网关启动完毕-------------------
2019年03月17日 22:17:40  信息 : 已装载共享库/Users/caroceanjofers/studio/github/cj.studio.imc/cj.studio.imc.fe.channel/cmdtools/gateway/lib/share
2019年03月17日 22:19:30  信息 : -------------网关启动完毕-------------------
2019年03月17日 22:19:35  信息 : 已装载共享库/Users/caroceanjofers/studio/github/cj.studio.imc/cj.studio.imc.fe.channel/cmdtools/gateway/lib/share
2019年03月17日 22:19:40  错误: cj.studio.gateway.socket.pipeline.OutputSelector -  异常：404 簇中缺少目标:/backend/router
		at cj.studio.gateway.GatewaySocketContainer.getAndCreate(GatewaySocketContainer.java:33)
		at cj.studio.gateway.socket.app.valve.LastWayOutputValve.onActive(LastWayOutputValve.java:45)
		at cj.studio.gateway.socket.pipeline.OutputPipeline.nextOnActive(OutputPipeline.java:104)
		at cj.studio.gateway.socket.app.valve.FirstWayOutputValve.onActive(FirstWayOutputValve.java:16)
		at cj.studio.gateway.socket.pipeline.OutputPipeline.nextOnActive(OutputPipeline.java:98)
		at cj.studio.gateway.socket.pipeline.OutputPipeline.headOnActive(OutputPipeline.java:86)
		at cj.studio.gateway.socket.pipeline.OutputSelector.select(OutputSelector.java:32)
		at cj.studio.gateway.stub.SyncInvocationHandler.invoke(SyncInvocationHandler.java:91)
		at cj.studio.imc.be.router.stub.IPeerEventStub$$EnhancerByCGLIB$$b61c86a8.toString(<generated>:-1)
		at cj.studio.imc.fe.channel.program.valve.PeerEventInputValve.onActive(PeerEventInputValve.java:20)
		at cj.studio.gateway.socket.pipeline.InputPipeline.nextOnActive(InputPipeline.java:191)
		at cj.studio.imc.fe.channel.program.valve.SecurityInputValve.onActive(SecurityInputValve.java:24)
		at cj.studio.gateway.socket.pipeline.InputPipeline.nextOnActive(InputPipeline.java:191)
		at cj.studio.imc.fe.channel.program.valve.UrlDecodeInputValve.onActive(UrlDecodeInputValve.java:19)
		at cj.studio.gateway.socket.pipeline.InputPipeline.nextOnActive(InputPipeline.java:191)
		at cj.studio.gateway.socket.app.valve.CheckSessionInputValve.onActive(CheckSessionInputValve.java:37)
		at cj.studio.gateway.socket.pipeline.InputPipeline.nextOnActive(InputPipeline.java:191)
		at cj.studio.gateway.socket.app.valve.CheckErrorInputVavle.onActive(CheckErrorInputVavle.java:31)
		at cj.studio.gateway.socket.pipeline.InputPipeline.nextOnActive(InputPipeline.java:191)
		at cj.studio.gateway.socket.app.valve.CheckUrlInputValve.onActive(CheckUrlInputValve.java:16)
		at cj.studio.gateway.socket.pipeline.InputPipeline.nextOnActive(InputPipeline.java:191)
		at cj.studio.gateway.socket.app.valve.FirstWayInputValve.onActive(FirstWayInputValve.java:13)
		at cj.studio.gateway.socket.pipeline.InputPipeline.nextOnActive(InputPipeline.java:185)
		at cj.studio.gateway.socket.pipeline.InputPipeline.headOnActive(InputPipeline.java:173)
		at cj.studio.gateway.server.handler.WebsocketChannelHandler.pipelineBuild(WebsocketChannelHandler.java:179)
		at cj.studio.gateway.server.handler.WebsocketChannelHandler.channelActive(WebsocketChannelHandler.java:228)
		at io.netty.channel.ChannelHandlerInvokerUtil.invokeChannelActiveNow(ChannelHandlerInvokerUtil.java:38)
		at io.netty.channel.DefaultChannelHandlerInvoker.invokeChannelActive(DefaultChannelHandlerInvoker.java:63)
		at io.netty.channel.DefaultChannelHandlerContext.fireChannelActive(DefaultChannelHandlerContext.java:292)
		at io.netty.channel.DefaultChannelPipeline.fireChannelActive(DefaultChannelPipeline.java:816)
		at io.netty.channel.AbstractChannel$AbstractUnsafe.register0(AbstractChannel.java:429)
		at io.netty.channel.AbstractChannel$AbstractUnsafe.access$100(AbstractChannel.java:369)
		at io.netty.channel.AbstractChannel$AbstractUnsafe$1.run(AbstractChannel.java:403)
		at io.netty.util.concurrent.SingleThreadEventExecutor.runAllTasks(SingleThreadEventExecutor.java:318)
		at io.netty.channel.nio.NioEventLoop.run(NioEventLoop.java:353)
		at io.netty.util.concurrent.SingleThreadEventExecutor$5.run(SingleThreadEventExecutor.java:794)
		at java.lang.Thread.run(Thread.java:748)
2019年03月17日 22:19:44  错误: cj.studio.gateway.socket.pipeline.OutputSelector -  异常：404 簇中缺少目标:/backend/router
		at cj.studio.gateway.GatewaySocketContainer.getAndCreate(GatewaySocketContainer.java:33)
		at cj.studio.gateway.socket.app.valve.LastWayOutputValve.onActive(LastWayOutputValve.java:45)
		at cj.studio.gateway.socket.pipeline.OutputPipeline.nextOnActive(OutputPipeline.java:104)
		at cj.studio.gateway.socket.app.valve.FirstWayOutputValve.onActive(FirstWayOutputValve.java:16)
		at cj.studio.gateway.socket.pipeline.OutputPipeline.nextOnActive(OutputPipeline.java:98)
		at cj.studio.gateway.socket.pipeline.OutputPipeline.headOnActive(OutputPipeline.java:86)
		at cj.studio.gateway.socket.pipeline.OutputSelector.select(OutputSelector.java:32)
		at cj.studio.gateway.stub.SyncInvocationHandler.invoke(SyncInvocationHandler.java:91)
		at cj.studio.imc.be.router.stub.IPeerEventStub$$EnhancerByCGLIB$$b61c86a8.toString(<generated>:-1)
		at java.lang.String.valueOf(String.java:2994)
		at java.io.PrintStream.println(PrintStream.java:821)
		at cj.studio.imc.fe.channel.program.valve.PeerEventInputValve.onActive(PeerEventInputValve.java:20)
		at cj.studio.gateway.socket.pipeline.InputPipeline.nextOnActive(InputPipeline.java:191)
		at cj.studio.imc.fe.channel.program.valve.SecurityInputValve.onActive(SecurityInputValve.java:24)
		at cj.studio.gateway.socket.pipeline.InputPipeline.nextOnActive(InputPipeline.java:191)
		at cj.studio.imc.fe.channel.program.valve.UrlDecodeInputValve.onActive(UrlDecodeInputValve.java:19)
		at cj.studio.gateway.socket.pipeline.InputPipeline.nextOnActive(InputPipeline.java:191)
		at cj.studio.gateway.socket.app.valve.CheckSessionInputValve.onActive(CheckSessionInputValve.java:37)
		at cj.studio.gateway.socket.pipeline.InputPipeline.nextOnActive(InputPipeline.java:191)
		at cj.studio.gateway.socket.app.valve.CheckErrorInputVavle.onActive(CheckErrorInputVavle.java:31)
		at cj.studio.gateway.socket.pipeline.InputPipeline.nextOnActive(InputPipeline.java:191)
		at cj.studio.gateway.socket.app.valve.CheckUrlInputValve.onActive(CheckUrlInputValve.java:16)
		at cj.studio.gateway.socket.pipeline.InputPipeline.nextOnActive(InputPipeline.java:191)
		at cj.studio.gateway.socket.app.valve.FirstWayInputValve.onActive(FirstWayInputValve.java:13)
		at cj.studio.gateway.socket.pipeline.InputPipeline.nextOnActive(InputPipeline.java:185)
		at cj.studio.gateway.socket.pipeline.InputPipeline.headOnActive(InputPipeline.java:173)
		at cj.studio.gateway.server.handler.WebsocketChannelHandler.pipelineBuild(WebsocketChannelHandler.java:179)
		at cj.studio.gateway.server.handler.WebsocketChannelHandler.channelActive(WebsocketChannelHandler.java:228)
		at io.netty.channel.ChannelHandlerInvokerUtil.invokeChannelActiveNow(ChannelHandlerInvokerUtil.java:38)
		at io.netty.channel.DefaultChannelHandlerInvoker.invokeChannelActive(DefaultChannelHandlerInvoker.java:63)
		at io.netty.channel.DefaultChannelHandlerContext.fireChannelActive(DefaultChannelHandlerContext.java:292)
		at io.netty.channel.DefaultChannelPipeline.fireChannelActive(DefaultChannelPipeline.java:816)
		at io.netty.channel.AbstractChannel$AbstractUnsafe.register0(AbstractChannel.java:429)
		at io.netty.channel.AbstractChannel$AbstractUnsafe.access$100(AbstractChannel.java:369)
		at io.netty.channel.AbstractChannel$AbstractUnsafe$1.run(AbstractChannel.java:403)
		at io.netty.util.concurrent.SingleThreadEventExecutor.runAllTasks(SingleThreadEventExecutor.java:318)
		at io.netty.channel.nio.NioEventLoop.run(NioEventLoop.java:353)
		at io.netty.util.concurrent.SingleThreadEventExecutor$5.run(SingleThreadEventExecutor.java:794)
		at java.lang.Thread.run(Thread.java:748)
2019年03月17日 22:21:34  信息 : -------------网关启动完毕-------------------
2019年03月17日 22:22:24  信息 : 已装载共享库/Users/caroceanjofers/studio/github/cj.studio.imc/cj.studio.imc.fe.channel/cmdtools/gateway/lib/share
2019年03月17日 22:22:33  错误: cj.studio.gateway.socket.pipeline.OutputSelector -  异常：404 簇中缺少目标:/backend/router
		at cj.studio.gateway.GatewaySocketContainer.getAndCreate(GatewaySocketContainer.java:33)
		at cj.studio.gateway.socket.app.valve.LastWayOutputValve.onActive(LastWayOutputValve.java:45)
		at cj.studio.gateway.socket.pipeline.OutputPipeline.nextOnActive(OutputPipeline.java:104)
		at cj.studio.gateway.socket.app.valve.FirstWayOutputValve.onActive(FirstWayOutputValve.java:16)
		at cj.studio.gateway.socket.pipeline.OutputPipeline.nextOnActive(OutputPipeline.java:98)
		at cj.studio.gateway.socket.pipeline.OutputPipeline.headOnActive(OutputPipeline.java:86)
		at cj.studio.gateway.socket.pipeline.OutputSelector.select(OutputSelector.java:32)
		at cj.studio.gateway.stub.SyncInvocationHandler.invoke(SyncInvocationHandler.java:91)
		at cj.studio.imc.be.router.stub.IPeerEventStub$$EnhancerByCGLIB$$b61c86a8.toString(<generated>:-1)
		at java.lang.String.valueOf(String.java:2994)
		at java.io.PrintStream.println(PrintStream.java:821)
		at cj.studio.imc.fe.channel.program.valve.PeerEventInputValve.onActive(PeerEventInputValve.java:20)
		at cj.studio.gateway.socket.pipeline.InputPipeline.nextOnActive(InputPipeline.java:191)
		at cj.studio.imc.fe.channel.program.valve.SecurityInputValve.onActive(SecurityInputValve.java:24)
		at cj.studio.gateway.socket.pipeline.InputPipeline.nextOnActive(InputPipeline.java:191)
		at cj.studio.imc.fe.channel.program.valve.UrlDecodeInputValve.onActive(UrlDecodeInputValve.java:19)
		at cj.studio.gateway.socket.pipeline.InputPipeline.nextOnActive(InputPipeline.java:191)
		at cj.studio.gateway.socket.app.valve.CheckSessionInputValve.onActive(CheckSessionInputValve.java:37)
		at cj.studio.gateway.socket.pipeline.InputPipeline.nextOnActive(InputPipeline.java:191)
		at cj.studio.gateway.socket.app.valve.CheckErrorInputVavle.onActive(CheckErrorInputVavle.java:31)
		at cj.studio.gateway.socket.pipeline.InputPipeline.nextOnActive(InputPipeline.java:191)
		at cj.studio.gateway.socket.app.valve.CheckUrlInputValve.onActive(CheckUrlInputValve.java:16)
		at cj.studio.gateway.socket.pipeline.InputPipeline.nextOnActive(InputPipeline.java:191)
		at cj.studio.gateway.socket.app.valve.FirstWayInputValve.onActive(FirstWayInputValve.java:13)
		at cj.studio.gateway.socket.pipeline.InputPipeline.nextOnActive(InputPipeline.java:185)
		at cj.studio.gateway.socket.pipeline.InputPipeline.headOnActive(InputPipeline.java:173)
		at cj.studio.gateway.server.handler.WebsocketChannelHandler.pipelineBuild(WebsocketChannelHandler.java:179)
		at cj.studio.gateway.server.handler.WebsocketChannelHandler.channelActive(WebsocketChannelHandler.java:228)
		at io.netty.channel.ChannelHandlerInvokerUtil.invokeChannelActiveNow(ChannelHandlerInvokerUtil.java:38)
		at io.netty.channel.DefaultChannelHandlerInvoker.invokeChannelActive(DefaultChannelHandlerInvoker.java:63)
		at io.netty.channel.DefaultChannelHandlerContext.fireChannelActive(DefaultChannelHandlerContext.java:292)
		at io.netty.channel.DefaultChannelPipeline.fireChannelActive(DefaultChannelPipeline.java:816)
		at io.netty.channel.AbstractChannel$AbstractUnsafe.register0(AbstractChannel.java:429)
		at io.netty.channel.AbstractChannel$AbstractUnsafe.access$100(AbstractChannel.java:369)
		at io.netty.channel.AbstractChannel$AbstractUnsafe$1.run(AbstractChannel.java:403)
		at io.netty.util.concurrent.SingleThreadEventExecutor.runAllTasks(SingleThreadEventExecutor.java:318)
		at io.netty.channel.nio.NioEventLoop.run(NioEventLoop.java:353)
		at io.netty.util.concurrent.SingleThreadEventExecutor$5.run(SingleThreadEventExecutor.java:794)
		at java.lang.Thread.run(Thread.java:748)
2019年03月17日 22:23:17  信息 : -------------网关启动完毕-------------------
2019年03月17日 22:23:29  信息 : 已装载共享库/Users/caroceanjofers/studio/github/cj.studio.imc/cj.studio.imc.fe.channel/cmdtools/gateway/lib/share
2019年03月17日 22:23:29  错误: cj.studio.gateway.socket.pipeline.OutputSelector -  异常：404 簇中缺少目标:/backend/router
		at cj.studio.gateway.GatewaySocketContainer.getAndCreate(GatewaySocketContainer.java:33)
		at cj.studio.gateway.socket.app.valve.LastWayOutputValve.onActive(LastWayOutputValve.java:45)
		at cj.studio.gateway.socket.pipeline.OutputPipeline.nextOnActive(OutputPipeline.java:104)
		at cj.studio.gateway.socket.app.valve.FirstWayOutputValve.onActive(FirstWayOutputValve.java:16)
		at cj.studio.gateway.socket.pipeline.OutputPipeline.nextOnActive(OutputPipeline.java:98)
		at cj.studio.gateway.socket.pipeline.OutputPipeline.headOnActive(OutputPipeline.java:86)
		at cj.studio.gateway.socket.pipeline.OutputSelector.select(OutputSelector.java:32)
		at cj.studio.gateway.stub.SyncInvocationHandler.invoke(SyncInvocationHandler.java:91)
		at cj.studio.imc.be.router.stub.IPeerEventStub$$EnhancerByCGLIB$$52a834a6.toString(<generated>:-1)
		at java.lang.String.valueOf(String.java:2994)
		at java.io.PrintStream.println(PrintStream.java:821)
		at cj.studio.imc.fe.channel.program.valve.PeerEventInputValve.onActive(PeerEventInputValve.java:20)
		at cj.studio.gateway.socket.pipeline.InputPipeline.nextOnActive(InputPipeline.java:191)
		at cj.studio.imc.fe.channel.program.valve.SecurityInputValve.onActive(SecurityInputValve.java:24)
		at cj.studio.gateway.socket.pipeline.InputPipeline.nextOnActive(InputPipeline.java:191)
		at cj.studio.imc.fe.channel.program.valve.UrlDecodeInputValve.onActive(UrlDecodeInputValve.java:19)
		at cj.studio.gateway.socket.pipeline.InputPipeline.nextOnActive(InputPipeline.java:191)
		at cj.studio.gateway.socket.app.valve.CheckSessionInputValve.onActive(CheckSessionInputValve.java:37)
		at cj.studio.gateway.socket.pipeline.InputPipeline.nextOnActive(InputPipeline.java:191)
		at cj.studio.gateway.socket.app.valve.CheckErrorInputVavle.onActive(CheckErrorInputVavle.java:31)
		at cj.studio.gateway.socket.pipeline.InputPipeline.nextOnActive(InputPipeline.java:191)
		at cj.studio.gateway.socket.app.valve.CheckUrlInputValve.onActive(CheckUrlInputValve.java:16)
		at cj.studio.gateway.socket.pipeline.InputPipeline.nextOnActive(InputPipeline.java:191)
		at cj.studio.gateway.socket.app.valve.FirstWayInputValve.onActive(FirstWayInputValve.java:13)
		at cj.studio.gateway.socket.pipeline.InputPipeline.nextOnActive(InputPipeline.java:185)
		at cj.studio.gateway.socket.pipeline.InputPipeline.headOnActive(InputPipeline.java:173)
		at cj.studio.gateway.server.handler.WebsocketChannelHandler.pipelineBuild(WebsocketChannelHandler.java:179)
		at cj.studio.gateway.server.handler.WebsocketChannelHandler.channelActive(WebsocketChannelHandler.java:228)
		at io.netty.channel.ChannelHandlerInvokerUtil.invokeChannelActiveNow(ChannelHandlerInvokerUtil.java:38)
		at io.netty.channel.DefaultChannelHandlerInvoker.invokeChannelActive(DefaultChannelHandlerInvoker.java:63)
		at io.netty.channel.DefaultChannelHandlerContext.fireChannelActive(DefaultChannelHandlerContext.java:292)
		at io.netty.channel.DefaultChannelPipeline.fireChannelActive(DefaultChannelPipeline.java:816)
		at io.netty.channel.AbstractChannel$AbstractUnsafe.register0(AbstractChannel.java:429)
		at io.netty.channel.AbstractChannel$AbstractUnsafe.access$100(AbstractChannel.java:369)
		at io.netty.channel.AbstractChannel$AbstractUnsafe$1.run(AbstractChannel.java:403)
		at io.netty.util.concurrent.SingleThreadEventExecutor.runAllTasks(SingleThreadEventExecutor.java:318)
		at io.netty.channel.nio.NioEventLoop.run(NioEventLoop.java:353)
		at io.netty.util.concurrent.SingleThreadEventExecutor$5.run(SingleThreadEventExecutor.java:794)
		at java.lang.Thread.run(Thread.java:748)
2019年03月17日 22:24:07  信息 : -------------网关启动完毕-------------------
2019年03月17日 22:24:11  信息 : 已装载共享库/Users/caroceanjofers/studio/github/cj.studio.imc/cj.studio.imc.fe.channel/cmdtools/gateway/lib/share
2019年03月17日 22:46:31  信息 : -------------网关启动完毕-------------------
2019年03月17日 22:46:34  信息 : 已装载共享库/Users/caroceanjofers/studio/github/cj.studio.imc/cj.studio.imc.fe.channel/cmdtools/gateway/lib/share
2019年03月17日 22:49:06  错误: cj.studio.gateway.socket.pipeline.OutputSelector -  异常：505 java.net.ConnectException: Connection refused: localhost/127.0.0.1:10004
		at cj.studio.gateway.socket.cable.wire.TcpGatewaySocketWire.connect(TcpGatewaySocketWire.java:157)
		at cj.studio.gateway.socket.cable.GatewaySocketCable.select(GatewaySocketCable.java:145)
		at cj.studio.gateway.socket.client.valve.LastClientInputValve.select(LastClientInputValve.java:102)
		at cj.studio.gateway.socket.client.valve.LastClientInputValve.onActive(LastClientInputValve.java:40)
		at cj.studio.gateway.socket.pipeline.InputPipeline.nextOnActive(InputPipeline.java:191)
		at cj.studio.gateway.socket.client.valve.FirstClientInputValve.onActive(FirstClientInputValve.java:14)
		at cj.studio.gateway.socket.pipeline.InputPipeline.nextOnActive(InputPipeline.java:185)
		at cj.studio.gateway.socket.pipeline.InputPipeline.headOnActive(InputPipeline.java:173)
		at cj.studio.gateway.socket.app.valve.LastWayOutputValve.onActive(LastWayOutputValve.java:60)
		at cj.studio.gateway.socket.pipeline.OutputPipeline.nextOnActive(OutputPipeline.java:104)
		at cj.studio.gateway.socket.app.valve.FirstWayOutputValve.onActive(FirstWayOutputValve.java:16)
		at cj.studio.gateway.socket.pipeline.OutputPipeline.nextOnActive(OutputPipeline.java:98)
		at cj.studio.gateway.socket.pipeline.OutputPipeline.headOnActive(OutputPipeline.java:86)
		at cj.studio.gateway.socket.pipeline.OutputSelector.select(OutputSelector.java:32)
		at cj.studio.gateway.stub.SyncInvocationHandler.invoke(SyncInvocationHandler.java:91)
		at cj.studio.imc.be.router.stub.IPeerEventStub$$EnhancerByCGLIB$$52a834a6.onTerminus(<generated>:-1)
		at cj.studio.imc.fe.channel.program.valve.PeerEventInputValve.onActive(PeerEventInputValve.java:20)
		at cj.studio.gateway.socket.pipeline.InputPipeline.nextOnActive(InputPipeline.java:191)
		at cj.studio.imc.fe.channel.program.valve.SecurityInputValve.onActive(SecurityInputValve.java:24)
		at cj.studio.gateway.socket.pipeline.InputPipeline.nextOnActive(InputPipeline.java:191)
		at cj.studio.imc.fe.channel.program.valve.UrlDecodeInputValve.onActive(UrlDecodeInputValve.java:19)
		at cj.studio.gateway.socket.pipeline.InputPipeline.nextOnActive(InputPipeline.java:191)
		at cj.studio.gateway.socket.app.valve.CheckSessionInputValve.onActive(CheckSessionInputValve.java:37)
		at cj.studio.gateway.socket.pipeline.InputPipeline.nextOnActive(InputPipeline.java:191)
		at cj.studio.gateway.socket.app.valve.CheckErrorInputVavle.onActive(CheckErrorInputVavle.java:31)
		at cj.studio.gateway.socket.pipeline.InputPipeline.nextOnActive(InputPipeline.java:191)
		at cj.studio.gateway.socket.app.valve.CheckUrlInputValve.onActive(CheckUrlInputValve.java:16)
		at cj.studio.gateway.socket.pipeline.InputPipeline.nextOnActive(InputPipeline.java:191)
		at cj.studio.gateway.socket.app.valve.FirstWayInputValve.onActive(FirstWayInputValve.java:13)
		at cj.studio.gateway.socket.pipeline.InputPipeline.nextOnActive(InputPipeline.java:185)
		at cj.studio.gateway.socket.pipeline.InputPipeline.headOnActive(InputPipeline.java:173)
		at cj.studio.gateway.server.handler.WebsocketChannelHandler.pipelineBuild(WebsocketChannelHandler.java:179)
		at cj.studio.gateway.server.handler.WebsocketChannelHandler.channelActive(WebsocketChannelHandler.java:228)
		at io.netty.channel.ChannelHandlerInvokerUtil.invokeChannelActiveNow(ChannelHandlerInvokerUtil.java:38)
		at io.netty.channel.DefaultChannelHandlerInvoker.invokeChannelActive(DefaultChannelHandlerInvoker.java:63)
		at io.netty.channel.DefaultChannelHandlerContext.fireChannelActive(DefaultChannelHandlerContext.java:292)
		at io.netty.channel.DefaultChannelPipeline.fireChannelActive(DefaultChannelPipeline.java:816)
		at io.netty.channel.AbstractChannel$AbstractUnsafe.register0(AbstractChannel.java:429)
		at io.netty.channel.AbstractChannel$AbstractUnsafe.access$100(AbstractChannel.java:369)
		at io.netty.channel.AbstractChannel$AbstractUnsafe$1.run(AbstractChannel.java:403)
		at io.netty.util.concurrent.SingleThreadEventExecutor.runAllTasks(SingleThreadEventExecutor.java:318)
		at io.netty.channel.nio.NioEventLoop.run(NioEventLoop.java:353)
		at io.netty.util.concurrent.SingleThreadEventExecutor$5.run(SingleThreadEventExecutor.java:794)
		at java.lang.Thread.run(Thread.java:748)
	Cause by:
		at sun.nio.ch.SocketChannelImpl.checkConnect(SocketChannelImpl.java:-2)
		at sun.nio.ch.SocketChannelImpl.finishConnect(SocketChannelImpl.java:717)
		at io.netty.channel.socket.nio.NioSocketChannel.doFinishConnect(NioSocketChannel.java:191)
		at io.netty.channel.nio.AbstractNioChannel$AbstractNioUnsafe.finishConnect(AbstractNioChannel.java:241)
		at io.netty.channel.nio.NioEventLoop.processSelectedKey(NioEventLoop.java:502)
		at io.netty.channel.nio.NioEventLoop.processSelectedKeysOptimized(NioEventLoop.java:452)
		at io.netty.channel.nio.NioEventLoop.run(NioEventLoop.java:346)
		at io.netty.util.concurrent.SingleThreadEventExecutor$5.run(SingleThreadEventExecutor.java:794)
		at java.lang.Thread.run(Thread.java:748)
2019年03月17日 22:49:08  错误: cj.studio.gateway.socket.pipeline.OutputSelector -  异常：505 java.net.ConnectException: Connection refused: localhost/127.0.0.1:10004
		at cj.studio.gateway.socket.cable.wire.TcpGatewaySocketWire.connect(TcpGatewaySocketWire.java:157)
		at cj.studio.gateway.socket.cable.GatewaySocketCable.select(GatewaySocketCable.java:145)
		at cj.studio.gateway.socket.client.valve.LastClientInputValve.select(LastClientInputValve.java:102)
		at cj.studio.gateway.socket.client.valve.LastClientInputValve.onActive(LastClientInputValve.java:40)
		at cj.studio.gateway.socket.pipeline.InputPipeline.nextOnActive(InputPipeline.java:191)
		at cj.studio.gateway.socket.client.valve.FirstClientInputValve.onActive(FirstClientInputValve.java:14)
		at cj.studio.gateway.socket.pipeline.InputPipeline.nextOnActive(InputPipeline.java:185)
		at cj.studio.gateway.socket.pipeline.InputPipeline.headOnActive(InputPipeline.java:173)
		at cj.studio.gateway.socket.app.valve.LastWayOutputValve.onActive(LastWayOutputValve.java:60)
		at cj.studio.gateway.socket.pipeline.OutputPipeline.nextOnActive(OutputPipeline.java:104)
		at cj.studio.gateway.socket.app.valve.FirstWayOutputValve.onActive(FirstWayOutputValve.java:16)
		at cj.studio.gateway.socket.pipeline.OutputPipeline.nextOnActive(OutputPipeline.java:98)
		at cj.studio.gateway.socket.pipeline.OutputPipeline.headOnActive(OutputPipeline.java:86)
		at cj.studio.gateway.socket.pipeline.OutputSelector.select(OutputSelector.java:32)
		at cj.studio.gateway.stub.SyncInvocationHandler.invoke(SyncInvocationHandler.java:91)
		at cj.studio.imc.be.router.stub.IPeerEventStub$$EnhancerByCGLIB$$52a834a6.onTerminus(<generated>:-1)
		at cj.studio.imc.fe.channel.program.valve.PeerEventInputValve.onActive(PeerEventInputValve.java:20)
		at cj.studio.gateway.socket.pipeline.InputPipeline.nextOnActive(InputPipeline.java:191)
		at cj.studio.imc.fe.channel.program.valve.SecurityInputValve.onActive(SecurityInputValve.java:24)
		at cj.studio.gateway.socket.pipeline.InputPipeline.nextOnActive(InputPipeline.java:191)
		at cj.studio.imc.fe.channel.program.valve.UrlDecodeInputValve.onActive(UrlDecodeInputValve.java:19)
		at cj.studio.gateway.socket.pipeline.InputPipeline.nextOnActive(InputPipeline.java:191)
		at cj.studio.gateway.socket.app.valve.CheckSessionInputValve.onActive(CheckSessionInputValve.java:37)
		at cj.studio.gateway.socket.pipeline.InputPipeline.nextOnActive(InputPipeline.java:191)
		at cj.studio.gateway.socket.app.valve.CheckErrorInputVavle.onActive(CheckErrorInputVavle.java:31)
		at cj.studio.gateway.socket.pipeline.InputPipeline.nextOnActive(InputPipeline.java:191)
		at cj.studio.gateway.socket.app.valve.CheckUrlInputValve.onActive(CheckUrlInputValve.java:16)
		at cj.studio.gateway.socket.pipeline.InputPipeline.nextOnActive(InputPipeline.java:191)
		at cj.studio.gateway.socket.app.valve.FirstWayInputValve.onActive(FirstWayInputValve.java:13)
		at cj.studio.gateway.socket.pipeline.InputPipeline.nextOnActive(InputPipeline.java:185)
		at cj.studio.gateway.socket.pipeline.InputPipeline.headOnActive(InputPipeline.java:173)
		at cj.studio.gateway.server.handler.WebsocketChannelHandler.pipelineBuild(WebsocketChannelHandler.java:179)
		at cj.studio.gateway.server.handler.WebsocketChannelHandler.channelActive(WebsocketChannelHandler.java:228)
		at io.netty.channel.ChannelHandlerInvokerUtil.invokeChannelActiveNow(ChannelHandlerInvokerUtil.java:38)
		at io.netty.channel.DefaultChannelHandlerInvoker.invokeChannelActive(DefaultChannelHandlerInvoker.java:63)
		at io.netty.channel.DefaultChannelHandlerContext.fireChannelActive(DefaultChannelHandlerContext.java:292)
		at io.netty.channel.DefaultChannelPipeline.fireChannelActive(DefaultChannelPipeline.java:816)
		at io.netty.channel.AbstractChannel$AbstractUnsafe.register0(AbstractChannel.java:429)
		at io.netty.channel.AbstractChannel$AbstractUnsafe.access$100(AbstractChannel.java:369)
		at io.netty.channel.AbstractChannel$AbstractUnsafe$1.run(AbstractChannel.java:403)
		at io.netty.util.concurrent.SingleThreadEventExecutor.runAllTasks(SingleThreadEventExecutor.java:318)
		at io.netty.channel.nio.NioEventLoop.run(NioEventLoop.java:353)
		at io.netty.util.concurrent.SingleThreadEventExecutor$5.run(SingleThreadEventExecutor.java:794)
		at java.lang.Thread.run(Thread.java:748)
	Cause by:
		at sun.nio.ch.SocketChannelImpl.checkConnect(SocketChannelImpl.java:-2)
		at sun.nio.ch.SocketChannelImpl.finishConnect(SocketChannelImpl.java:717)
		at io.netty.channel.socket.nio.NioSocketChannel.doFinishConnect(NioSocketChannel.java:191)
		at io.netty.channel.nio.AbstractNioChannel$AbstractNioUnsafe.finishConnect(AbstractNioChannel.java:241)
		at io.netty.channel.nio.NioEventLoop.processSelectedKey(NioEventLoop.java:502)
		at io.netty.channel.nio.NioEventLoop.processSelectedKeysOptimized(NioEventLoop.java:452)
		at io.netty.channel.nio.NioEventLoop.run(NioEventLoop.java:346)
		at io.netty.util.concurrent.SingleThreadEventExecutor$5.run(SingleThreadEventExecutor.java:794)
		at java.lang.Thread.run(Thread.java:748)
2019年03月17日 22:52:31  信息 : -------------网关启动完毕-------------------
2019年03月17日 22:52:33  信息 : 已装载共享库/Users/caroceanjofers/studio/github/cj.studio.imc/cj.studio.imc.fe.channel/cmdtools/gateway/lib/share
2019年03月17日 23:05:35  信息 : -------------网关启动完毕-------------------
2019年03月17日 23:07:49  信息 : 已装载共享库/Users/caroceanjofers/studio/github/cj.studio.imc/cj.studio.imc.fe.channel/cmdtools/gateway/lib/share
2019年03月17日 23:14:30  信息 : -------------网关启动完毕-------------------
2019年03月17日 23:14:33  信息 : 已装载共享库/Users/caroceanjofers/studio/github/cj.studio.imc/cj.studio.imc.fe.channel/cmdtools/gateway/lib/share
2019年03月17日 23:22:37  信息 : -------------网关启动完毕-------------------
2019年03月17日 23:22:52  信息 : 已装载共享库/Users/caroceanjofers/studio/github/cj.studio.imc/cj.studio.imc.fe.channel/cmdtools/gateway/lib/share
2019年03月17日 23:25:21  信息 : -------------网关启动完毕-------------------
2019年03月17日 23:25:26  信息 : 已装载共享库/Users/caroceanjofers/studio/github/cj.studio.imc/cj.studio.imc.fe.channel/cmdtools/gateway/lib/share
2019年03月18日 20:11:32  信息 : -------------网关启动完毕-------------------
2019年03月18日 20:11:41  信息 : 已装载共享库/Users/caroceanjofers/studio/github/cj.studio.imc/cj.studio.imc.fe.channel/cmdtools/gateway/lib/share
2019年03月18日 20:46:10  信息 : -------------网关启动完毕-------------------
2019年03月18日 20:46:16  信息 : 已装载共享库/Users/caroceanjofers/studio/github/cj.studio.imc/cj.studio.imc.fe.channel/cmdtools/gateway/lib/share
2019年03月18日 21:54:03  信息 : -------------网关启动完毕-------------------
2019年03月18日 21:54:06  信息 : 已装载共享库/Users/caroceanjofers/studio/github/cj.studio.imc/cj.studio.imc.fe.channel/cmdtools/gateway/lib/share
2019年03月18日 22:23:10  信息 : -------------网关启动完毕-------------------
2019年03月18日 22:23:17  信息 : 已装载共享库/Users/caroceanjofers/studio/github/cj.studio.imc/cj.studio.imc.fe.channel/cmdtools/gateway/lib/share
