2019年03月17日 22:22:15  信息 : -------------网关启动完毕-------------------
2019年03月17日 22:24:11  警告: cj.studio.gateway.server.handler.TcpChannelHandler - 服务器：tcpSite 未指定通道激活或失活事件的通知目标。应用仅能在之后第一次请求时才能收到激活或失活事件。请在该net的属性中指定：OnChannelEvent-Notify-Dests=dest1,dest2
2019年03月17日 22:24:11  警告: cj.studio.gateway.server.handler.TcpChannelHandler - 服务器：tcpSite 未指定通道激活或失活事件的通知目标。应用仅能在之后第一次请求时才能收到激活或失活事件。请在该net的属性中指定：OnChannelEvent-Notify-Dests=dest1,dest2
2019年03月17日 22:24:11  信息 : 已装载共享库/Users/caroceanjofers/studio/github/cj.studio.imc/cj.studio.imc.be.router/cmdtools/gateway/lib/share
2019年03月17日 22:25:09  警告: cj.studio.gateway.server.handler.TcpChannelHandler - 服务器：tcpSite 未指定通道激活或失活事件的通知目标。应用仅能在之后第一次请求时才能收到激活或失活事件。请在该net的属性中指定：OnChannelEvent-Notify-Dests=dest1,dest2
2019年03月17日 22:25:09  信息 : 已装载共享库/Users/caroceanjofers/studio/github/cj.studio.imc/cj.studio.imc.be.router/cmdtools/gateway/lib/share
2019年03月17日 22:25:26  警告: cj.studio.gateway.server.handler.TcpChannelHandler - 服务器：tcpSite 未指定通道激活或失活事件的通知目标。应用仅能在之后第一次请求时才能收到激活或失活事件。请在该net的属性中指定：OnChannelEvent-Notify-Dests=dest1,dest2
2019年03月17日 22:25:26  信息 : 已装载共享库/Users/caroceanjofers/studio/github/cj.studio.imc/cj.studio.imc.be.router/cmdtools/gateway/lib/share
2019年03月17日 22:26:35  信息 : -------------网关启动完毕-------------------
2019年03月17日 22:26:38  警告: cj.studio.gateway.server.handler.TcpChannelHandler - 服务器：tcpSite 未指定通道激活或失活事件的通知目标。应用仅能在之后第一次请求时才能收到激活或失活事件。请在该net的属性中指定：OnChannelEvent-Notify-Dests=dest1,dest2
2019年03月17日 22:26:38  信息 : 已装载共享库/Users/caroceanjofers/studio/github/cj.studio.imc/cj.studio.imc.be.router/cmdtools/gateway/lib/share
2019年03月17日 22:26:59  警告: cj.studio.gateway.server.handler.TcpChannelHandler - 服务器：tcpSite 未指定通道激活或失活事件的通知目标。应用仅能在之后第一次请求时才能收到激活或失活事件。请在该net的属性中指定：OnChannelEvent-Notify-Dests=dest1,dest2
2019年03月17日 22:26:59  信息 : 已装载共享库/Users/caroceanjofers/studio/github/cj.studio.imc/cj.studio.imc.be.router/cmdtools/gateway/lib/share
2019年03月17日 22:28:37  信息 : -------------网关启动完毕-------------------
2019年03月17日 22:28:40  警告: cj.studio.gateway.server.handler.TcpChannelHandler - 服务器：tcpSite 未指定通道激活或失活事件的通知目标。应用仅能在之后第一次请求时才能收到激活或失活事件。请在该net的属性中指定：OnChannelEvent-Notify-Dests=dest1,dest2
2019年03月17日 22:28:40  信息 : 已装载共享库/Users/caroceanjofers/studio/github/cj.studio.imc/cj.studio.imc.be.router/cmdtools/gateway/lib/share
2019年03月17日 22:29:25  警告: cj.studio.gateway.server.handler.TcpChannelHandler - 服务器：tcpSite 未指定通道激活或失活事件的通知目标。应用仅能在之后第一次请求时才能收到激活或失活事件。请在该net的属性中指定：OnChannelEvent-Notify-Dests=dest1,dest2
2019年03月17日 22:30:54  信息 : -------------网关启动完毕-------------------
2019年03月17日 22:31:03  信息 : 已装载共享库/Users/caroceanjofers/studio/github/cj.studio.imc/cj.studio.imc.be.router/cmdtools/gateway/lib/share
2019年03月17日 22:33:03  信息 : -------------网关启动完毕-------------------
2019年03月17日 22:33:04  信息 : 已装载共享库/Users/caroceanjofers/studio/github/cj.studio.imc/cj.studio.imc.be.router/cmdtools/gateway/lib/share
2019年03月17日 22:46:29  信息 : -------------网关启动完毕-------------------
2019年03月17日 22:46:35  信息 : 已装载共享库/Users/caroceanjofers/studio/github/cj.studio.imc/cj.studio.imc.be.router/cmdtools/gateway/lib/share
2019年03月17日 22:49:33  信息 : -------------网关启动完毕-------------------
2019年03月17日 22:49:35  信息 : 已装载共享库/Users/caroceanjofers/studio/github/cj.studio.imc/cj.studio.imc.be.router/cmdtools/gateway/lib/share
2019年03月17日 22:50:27  信息 : -------------网关启动完毕-------------------
2019年03月17日 22:50:29  信息 : 已装载共享库/Users/caroceanjofers/studio/github/cj.studio.imc/cj.studio.imc.be.router/cmdtools/gateway/lib/share
2019年03月17日 23:05:37  信息 : -------------网关启动完毕-------------------
2019年03月17日 23:07:50  信息 : 已装载共享库/Users/caroceanjofers/studio/github/cj.studio.imc/cj.studio.imc.be.router/cmdtools/gateway/lib/share
2019年03月17日 23:14:28  信息 : -------------网关启动完毕-------------------
2019年03月17日 23:14:33  信息 : 已装载共享库/Users/caroceanjofers/studio/github/cj.studio.imc/cj.studio.imc.be.router/cmdtools/gateway/lib/share
2019年03月17日 23:16:42  信息 : -------------网关启动完毕-------------------
2019年03月17日 23:16:54  信息 : 已装载共享库/Users/caroceanjofers/studio/github/cj.studio.imc/cj.studio.imc.be.router/cmdtools/gateway/lib/share
2019年03月17日 23:17:14  错误: cj.studio.gateway.socket.pipeline.OutputSelector -  异常：404 簇中缺少目标:/backend/online/
		at cj.studio.gateway.GatewaySocketContainer.getAndCreate(GatewaySocketContainer.java:33)
		at cj.studio.gateway.socket.app.valve.LastWayOutputValve.onActive(LastWayOutputValve.java:45)
		at cj.studio.gateway.socket.pipeline.OutputPipeline.nextOnActive(OutputPipeline.java:104)
		at cj.studio.gateway.socket.app.valve.FirstWayOutputValve.onActive(FirstWayOutputValve.java:16)
		at cj.studio.gateway.socket.pipeline.OutputPipeline.nextOnActive(OutputPipeline.java:98)
		at cj.studio.gateway.socket.pipeline.OutputPipeline.headOnActive(OutputPipeline.java:86)
		at cj.studio.gateway.socket.pipeline.OutputSelector.select(OutputSelector.java:32)
		at cj.studio.gateway.stub.SyncInvocationHandler.invoke(SyncInvocationHandler.java:91)
		at cj.studio.imc.be.online.stub.ITerminusOnlineLifetimeStub$$EnhancerByCGLIB$$3317667f.onTerminus(<generated>:-1)
		at cj.studio.imc.be.router.plugin.service.PeerEventService.onTerminus(PeerEventService.java:19)
		at sun.reflect.NativeMethodAccessorImpl.invoke0(NativeMethodAccessorImpl.java:-2)
		at sun.reflect.NativeMethodAccessorImpl.invoke(NativeMethodAccessorImpl.java:62)
		at sun.reflect.DelegatingMethodAccessorImpl.invoke(DelegatingMethodAccessorImpl.java:43)
		at java.lang.reflect.Method.invoke(Method.java:498)
		at cj.studio.ecm.bridge.Joinpoint$InvokeAspect.cut(Joinpoint.java:264)
		at cj.studio.ecm.bridge.Joinpoint$Cutpoint.cut(Joinpoint.java:207)
		at cj.studio.gateway.stub.aspect.RestAspect.cut(RestAspect.java:26)
		at cj.studio.ecm.bridge.Joinpoint$Cutpoint.cut(Joinpoint.java:207)
		at cj.studio.ecm.bridge.Joinpoint.cut(Joinpoint.java:50)
		at cj.studio.ecm.bridge.EnhanceInterceptor.intercept(EnhanceInterceptor.java:69)
		at cj.studio.imc.be.router.service.IPeerEventService$$EnhancerByCGLIB$$e9751226.onTerminus(<generated>:-1)
		at cj.studio.imc.be.router.program.stub.PeerEventStub.onTerminus(PeerEventStub.java:38)
		at sun.reflect.NativeMethodAccessorImpl.invoke0(NativeMethodAccessorImpl.java:-2)
		at sun.reflect.NativeMethodAccessorImpl.invoke(NativeMethodAccessorImpl.java:62)
		at sun.reflect.DelegatingMethodAccessorImpl.invoke(DelegatingMethodAccessorImpl.java:43)
		at java.lang.reflect.Method.invoke(Method.java:498)
		at cj.studio.gateway.stub.GatewayAppSiteRestStub.doMethod(GatewayAppSiteRestStub.java:144)
		at cj.studio.imc.be.router.program.stub.PeerEventStub.doMethod(PeerEventStub.java:33)
		at cj.studio.gateway.stub.GatewayAppSiteRestStub$1.done(GatewayAppSiteRestStub.java:112)
		at cj.studio.gateway.socket.io.TcpInputChannel.done(TcpInputChannel.java:44)
		at cj.studio.gateway.server.handler.TcpChannelHandler.doLastPack(TcpChannelHandler.java:123)
		at cj.studio.gateway.server.handler.TcpChannelHandler.channelRead(TcpChannelHandler.java:107)
		at io.netty.channel.ChannelHandlerInvokerUtil.invokeChannelReadNow(ChannelHandlerInvokerUtil.java:74)
		at io.netty.channel.DefaultChannelHandlerInvoker.invokeChannelRead(DefaultChannelHandlerInvoker.java:138)
		at io.netty.channel.DefaultChannelHandlerContext.fireChannelRead(DefaultChannelHandlerContext.java:320)
		at io.netty.handler.codec.ByteToMessageDecoder.channelRead(ByteToMessageDecoder.java:154)
		at io.netty.channel.ChannelHandlerInvokerUtil.invokeChannelReadNow(ChannelHandlerInvokerUtil.java:74)
		at io.netty.channel.DefaultChannelHandlerInvoker.invokeChannelRead(DefaultChannelHandlerInvoker.java:138)
		at io.netty.channel.DefaultChannelHandlerContext.fireChannelRead(DefaultChannelHandlerContext.java:320)
		at io.netty.channel.DefaultChannelPipeline.fireChannelRead(DefaultChannelPipeline.java:846)
		at io.netty.channel.nio.AbstractNioByteChannel$NioByteUnsafe.read(AbstractNioByteChannel.java:127)
		at io.netty.channel.nio.NioEventLoop.processSelectedKey(NioEventLoop.java:485)
		at io.netty.channel.nio.NioEventLoop.processSelectedKeysOptimized(NioEventLoop.java:452)
		at io.netty.channel.nio.NioEventLoop.run(NioEventLoop.java:346)
		at io.netty.util.concurrent.SingleThreadEventExecutor$5.run(SingleThreadEventExecutor.java:794)
		at java.lang.Thread.run(Thread.java:748)
2019年03月17日 23:19:19  信息 : -------------网关启动完毕-------------------
2019年03月17日 23:19:22  信息 : 已装载共享库/Users/caroceanjofers/studio/github/cj.studio.imc/cj.studio.imc.be.router/cmdtools/gateway/lib/share
2019年03月17日 23:22:35  信息 : -------------网关启动完毕-------------------
2019年03月17日 23:22:53  信息 : 已装载共享库/Users/caroceanjofers/studio/github/cj.studio.imc/cj.studio.imc.be.router/cmdtools/gateway/lib/share
2019年03月17日 23:25:23  信息 : -------------网关启动完毕-------------------
2019年03月17日 23:25:27  信息 : 已装载共享库/Users/caroceanjofers/studio/github/cj.studio.imc/cj.studio.imc.be.router/cmdtools/gateway/lib/share
2019年03月18日 20:11:38  信息 : -------------网关启动完毕-------------------
2019年03月18日 20:11:41  信息 : 已装载共享库/Users/caroceanjofers/studio/github/cj.studio.imc/cj.studio.imc.be.router/cmdtools/gateway/lib/share
2019年03月18日 20:46:07  信息 : -------------网关启动完毕-------------------
2019年03月18日 20:46:16  信息 : 已装载共享库/Users/caroceanjofers/studio/github/cj.studio.imc/cj.studio.imc.be.router/cmdtools/gateway/lib/share
2019年03月18日 22:23:14  信息 : -------------网关启动完毕-------------------
2019年03月18日 22:23:17  信息 : 已装载共享库/Users/caroceanjofers/studio/github/cj.studio.imc/cj.studio.imc.be.router/cmdtools/gateway/lib/share
2019年04月03日 14:07:37  信息 : -------------网关启动完毕-------------------
2019年04月03日 14:12:12  信息 : -------------网关启动完毕-------------------
2019年04月03日 17:11:16  信息: cj.studio.gateway.mic.MicConnector - 注册mic成功。host tcp://localhost:7080?heartbeat=5000&initialWireSize=1&workThreadCount=2&acceptErrorPath=/website/error/,location /infrastructurePlatform/imc/
2019年04月03日 17:11:16  信息 : -------------网关启动完毕-------------------
2019年04月03日 17:12:10  信息 : 已装载共享库/Users/caroceanjofers/studio/cj.studio.imc/cj.studio.imc.be.router/cmdtools/gateway/lib/share
2019年04月03日 17:16:52  信息: cj.studio.gateway.mic.MicConnector - 正在重连mic...
2019年04月03日 17:16:52  信息: cj.studio.gateway.mic.MicConnector - 注册mic成功。host tcp://localhost:7080?heartbeat=5000&initialWireSize=1&workThreadCount=2&acceptErrorPath=/website/error/,location /infrastructurePlatform/imc/
2019年04月03日 18:03:48  信息: cj.studio.gateway.mic.MicConnector - 注册mic成功。host tcp://localhost:7080?heartbeat=5000&initialWireSize=1&workThreadCount=2&acceptErrorPath=/website/error/,location /infrastructurePlatform/imc/
2019年04月03日 18:03:48  信息 : -------------网关启动完毕-------------------
2019年04月03日 18:04:02  信息 : 已装载共享库/Users/caroceanjofers/studio/cj.studio.imc/cj.studio.imc.be.router/cmdtools/gateway/lib/share
2019年04月03日 20:37:20  信息: cj.studio.gateway.mic.MicConnector - 注册mic成功。host tcp://localhost:7080?heartbeat=5000&initialWireSize=1&workThreadCount=2&acceptErrorPath=/website/error/,location /infrastructurePlatform/imc/
2019年04月03日 20:37:20  信息 : -------------网关启动完毕-------------------
2019年04月03日 20:37:47  信息 : 已装载共享库/Users/caroceanjofers/studio/cj.studio.imc/cj.studio.imc.be.router/cmdtools/gateway/lib/share
2019年04月03日 20:44:41  信息: cj.studio.gateway.mic.MicConnector - 注册mic成功。host tcp://localhost:7080?heartbeat=5000&initialWireSize=1&workThreadCount=2&acceptErrorPath=/website/error/,location /infrastructurePlatform/imc/
2019年04月03日 20:44:41  信息 : -------------网关启动完毕-------------------
2019年04月03日 20:44:55  信息 : 已装载共享库/Users/caroceanjofers/studio/cj.studio.imc/cj.studio.imc.be.router/cmdtools/gateway/lib/share
2019年04月03日 20:48:52  信息: cj.studio.gateway.mic.MicConnector - 注册mic成功。host tcp://localhost:7080?heartbeat=5000&initialWireSize=1&workThreadCount=2&acceptErrorPath=/website/error/,location /infrastructurePlatform/imc/
2019年04月03日 20:48:52  信息 : -------------网关启动完毕-------------------
2019年04月03日 20:49:14  信息 : 已装载共享库/Users/caroceanjofers/studio/cj.studio.imc/cj.studio.imc.be.router/cmdtools/gateway/lib/share
2019年04月03日 23:23:09  信息: cj.studio.gateway.mic.MicConnector - 注册mic成功。host tcp://localhost:7080?heartbeat=5000&initialWireSize=1&workThreadCount=2&acceptErrorPath=/website/error/,location /infrastructurePlatform/imc/
2019年04月03日 23:23:09  信息 : -------------网关启动完毕-------------------
2019年04月03日 23:23:29  信息 : 已装载共享库/Users/caroceanjofers/studio/cj.studio.imc/cj.studio.imc.be.router/cmdtools/gateway/lib/share
2019年04月03日 23:50:05  信息: cj.studio.gateway.mic.MicConnector - 注册mic成功。host tcp://localhost:7080?heartbeat=5000&initialWireSize=1&workThreadCount=2&acceptErrorPath=/website/error/,location /infrastructurePlatform/imc/
2019年04月03日 23:50:05  信息 : -------------网关启动完毕-------------------
2019年04月03日 23:52:07  信息: cj.studio.gateway.mic.MicConnector - 注册mic成功。host tcp://localhost:7080?heartbeat=5000&initialWireSize=1&workThreadCount=2&acceptErrorPath=/website/error/,location /infrastructurePlatform/imc/
2019年04月03日 23:52:07  信息 : -------------网关启动完毕-------------------
2019年04月04日 00:53:45  信息 : 已装载共享库/Users/caroceanjofers/studio/cj.studio.imc/cj.studio.imc.be.router/cmdtools/gateway/lib/share
2019年04月04日 00:53:45  信息 : 已装载共享库/Users/caroceanjofers/studio/cj.studio.imc/cj.studio.imc.be.router/cmdtools/gateway/lib/share
2019年04月04日 00:53:45  信息 : 已装载共享库/Users/caroceanjofers/studio/cj.studio.imc/cj.studio.imc.be.router/cmdtools/gateway/lib/share
2019年04月04日 00:54:55  信息: cj.studio.gateway.mic.MicConnector - 注册mic成功。host tcp://localhost:7080?heartbeat=5000&initialWireSize=1&workThreadCount=2&acceptErrorPath=/website/error/,location /infrastructurePlatform/imc/
2019年04月04日 00:54:55  信息 : -------------网关启动完毕-------------------
2019年04月04日 00:55:00  信息 : 已装载共享库/Users/caroceanjofers/studio/cj.studio.imc/cj.studio.imc.be.router/cmdtools/gateway/lib/share
2019年04月04日 01:12:18  信息: cj.studio.gateway.mic.MicConnector - 注册mic成功。host tcp://localhost:7080?heartbeat=5000&initialWireSize=1&workThreadCount=2&acceptErrorPath=/website/error/,location /infrastructurePlatform/imc/
2019年04月04日 01:12:18  信息 : -------------网关启动完毕-------------------
2019年04月04日 01:12:21  信息 : 已装载共享库/Users/caroceanjofers/studio/cj.studio.imc/cj.studio.imc.be.router/cmdtools/gateway/lib/share
2019年04月04日 01:38:25  信息: cj.studio.gateway.mic.MicConnector - 注册mic成功。host tcp://localhost:7080?heartbeat=5000&initialWireSize=1&workThreadCount=2&acceptErrorPath=/website/error/,location /infrastructurePlatform/imc/
2019年04月04日 01:38:25  信息 : -------------网关启动完毕-------------------
2019年04月04日 01:38:51  信息 : 已装载共享库/Users/caroceanjofers/studio/cj.studio.imc/cj.studio.imc.be.router/cmdtools/gateway/lib/share
2019年04月04日 01:40:24  信息: cj.studio.gateway.mic.MicConnector - 注册mic成功。host tcp://localhost:7080?heartbeat=5000&initialWireSize=1&workThreadCount=2&acceptErrorPath=/website/error/,location /infrastructurePlatform/imc/
2019年04月04日 01:40:24  信息 : -------------网关启动完毕-------------------
2019年04月04日 01:40:33  信息 : 已装载共享库/Users/caroceanjofers/studio/cj.studio.imc/cj.studio.imc.be.router/cmdtools/gateway/lib/share
